Started at Wed Jul 31 12:08:54 CLT 2024
Processing TimeTracker
Offering TimeTracker to Project Build Discarder
Finished at Wed Jul 31 12:08:54 CLT 2024. 19ms
Started at Wed Jul 31 13:08:54 CLT 2024
Processing TimeTracker
Offering TimeTracker to Project Build Discarder
Processing TimeTracker2
Offering TimeTracker2 to Project Build Discarder
Finished at Wed Jul 31 13:08:54 CLT 2024. 17ms
Started at Wed Jul 31 14:08:54 CLT 2024
Processing TimeTracker
Offering TimeTracker to Project Build Discarder
Processing TimeTracker2
Offering TimeTracker2 to Project Build Discarder
Finished at Wed Jul 31 14:08:54 CLT 2024. 13ms
Started at Wed Jul 31 15:08:54 CLT 2024
Processing TimeTracker
Offering TimeTracker to Project Build Discarder
Processing TimeTracker2
Offering TimeTracker2 to Project Build Discarder
Finished at Wed Jul 31 15:08:54 CLT 2024. 13ms
Started at Wed Jul 31 16:08:53 CLT 2024
Processing TimeTracker
Offering TimeTracker to Project Build Discarder
Processing TimeTracker2
Offering TimeTracker2 to Project Build Discarder
Finished at Wed Jul 31 16:08:53 CLT 2024. 20ms
